2025-08-14 20:15:40,745 - INFO - 开始爬取AI工具集网站...
2025-08-14 20:15:40,745 - INFO - 正在爬取第 1 页: https://ai-bot.cn/the-latest-ai-projects/
2025-08-14 20:15:41,148 - INFO - 找到 10 个文章容器
2025-08-14 20:15:41,153 - INFO - 第 1 页找到 10 篇文章
2025-08-14 20:15:43,159 - INFO - 正在爬取第 2 页: https://ai-bot.cn/the-latest-ai-projects/page/2/
2025-08-14 20:15:43,598 - INFO - 找到 10 个文章容器
2025-08-14 20:15:43,599 - INFO - 第 2 页找到 10 篇文章
2025-08-14 20:15:45,605 - INFO - 正在爬取第 3 页: https://ai-bot.cn/the-latest-ai-projects/page/3/
2025-08-14 20:15:46,086 - INFO - 找到 10 个文章容器
2025-08-14 20:15:46,088 - INFO - 第 3 页找到 10 篇文章
2025-08-14 20:15:48,090 - INFO - 总共爬取到 30 篇文章
2025-08-14 20:15:48,092 - INFO - 已保存 30 篇文章到 ai_articles_20250814_201548.json
2025-08-14 20:15:48,094 - INFO - 已保存 30 篇文章到 ai_articles_20250814_201548.csv
2025-08-14 20:17:09,445 - INFO - 开始爬取AI工具集网站...
2025-08-14 20:17:09,445 - INFO - 正在爬取第 1 页: https://ai-bot.cn/the-latest-ai-projects/
2025-08-14 20:17:09,903 - INFO - 找到 10 个文章容器
2025-08-14 20:17:09,906 - INFO - 第 1 页找到 10 篇文章
2025-08-14 20:17:11,911 - INFO - 正在爬取第 2 页: https://ai-bot.cn/the-latest-ai-projects/page/2/
2025-08-14 20:17:12,302 - INFO - 找到 10 个文章容器
2025-08-14 20:17:12,303 - INFO - 第 2 页找到 10 篇文章
2025-08-14 20:17:14,308 - INFO - 正在爬取第 3 页: https://ai-bot.cn/the-latest-ai-projects/page/3/
2025-08-14 20:17:14,680 - INFO - 找到 10 个文章容器
2025-08-14 20:17:14,682 - INFO - 第 3 页找到 10 篇文章
2025-08-14 20:17:16,687 - INFO - 总共爬取到 30 篇文章
2025-08-14 20:17:16,691 - INFO - 已保存 30 篇文章到 ai_articles_20250814_201716.json
2025-08-14 20:17:16,700 - INFO - 已保存 30 篇文章到 ai_articles_20250814_201716.csv
